0 info it worked if it ends with ok
1 verbose cli [ '/Users/BICKLEY/.nvm/versions/node/v6.2.1/bin/node',
1 verbose cli   '/Users/BICKLEY/.nvm/versions/node/v6.2.1/bin/npm',
1 verbose cli   'i',
1 verbose cli   '--save',
1 verbose cli   'rimraf' ]
2 info using npm@3.10.6
3 info using node@v6.2.1
4 silly loadCurrentTree Starting
5 silly install loadCurrentTree
6 silly install readLocalPackageData
7 silly rollbackFailedOptional Starting
8 silly rollbackFailedOptional Finishing
9 silly runTopLevelLifecycles Starting
10 silly runTopLevelLifecycles Finishing
11 silly install printInstalled
12 verbose stack Error: Failed to parse json
12 verbose stack Trailing comma in object at 20:3
12 verbose stack   },
12 verbose stack   ^
12 verbose stack     at parseError (/Users/BICKLEY/.nvm/versions/node/v6.2.1/lib/node_modules/npm/node_modules/read-package-json/read-json.js:390:11)
12 verbose stack     at parseJson (/Users/BICKLEY/.nvm/versions/node/v6.2.1/lib/node_modules/npm/node_modules/read-package-json/read-json.js:79:23)
12 verbose stack     at /Users/BICKLEY/.nvm/versions/node/v6.2.1/lib/node_modules/npm/node_modules/read-package-json/read-json.js:48:5
12 verbose stack     at /Users/BICKLEY/.nvm/versions/node/v6.2.1/lib/node_modules/npm/node_modules/graceful-fs/graceful-fs.js:78:16
12 verbose stack     at tryToString (fs.js:449:3)
12 verbose stack     at FSReqWrap.readFileAfterClose [as oncomplete] (fs.js:436:12)
13 verbose cwd /Users/BICKLEY/temp/ch2.0/oct2016/pjs/entable/tools
14 error Darwin 16.1.0
15 error argv "/Users/BICKLEY/.nvm/versions/node/v6.2.1/bin/node" "/Users/BICKLEY/.nvm/versions/node/v6.2.1/bin/npm" "i" "--save" "rimraf"
16 error node v6.2.1
17 error npm  v3.10.6
18 error file /Users/BICKLEY/temp/ch2.0/oct2016/pjs/entable/package.json
19 error code EJSONPARSE
20 error Failed to parse json
20 error Trailing comma in object at 20:3
20 error   },
20 error   ^
21 error File: /Users/BICKLEY/temp/ch2.0/oct2016/pjs/entable/package.json
22 error Failed to parse package.json data.
22 error package.json must be actual JSON, not just JavaScript.
22 error
22 error This is not a bug in npm.
22 error Tell the package author to fix their package.json file. JSON.parse
23 verbose exit [ 1, true ]
