0 info it worked if it ends with ok
1 verbose cli [ '/Users/BICKLEY/.nvm/versions/node/v6.2.1/bin/node',
1 verbose cli   '/Users/BICKLEY/.nvm/versions/node/v6.2.1/bin/npm',
1 verbose cli   'run',
1 verbose cli   'build' ]
2 info using npm@4.1.1
3 info using node@v6.2.1
4 verbose run-script [ 'prebuild', 'build', 'postbuild' ]
5 info lifecycle entable@1.0.0~prebuild: entable@1.0.0
6 verbose lifecycle entable@1.0.0~prebuild: unsafe-perm in lifecycle true
7 verbose lifecycle entable@1.0.0~prebuild: PATH: /Users/BICKLEY/.nvm/versions/node/v6.2.1/lib/node_modules/npm/bin/node-gyp-bin:/Users/BICKLEY/temp/ch2.0/oct2016/pjs/entable/node_modules/.bin:/Library/Frameworks/Python.framework/Versions/3.5/bin:/Users/BICKLEY/temp/ch2.0/aug_CH/aug_pjs/WINGMAN/exec/bin/bash/google-cloud-sdk/bin:/Users/BICKLEY/.nvm/versions/node/v6.2.1/bin:/Users/BICKLEY/Library/Android/android-sdk-macosx/platform-tools:/Users/BICKLEY/Library/Android/android-sdk-macosx/tools:/usr/local/bin:/usr/bin:/bin:/usr/sbin:/sbin:/opt/X11/bin
8 verbose lifecycle entable@1.0.0~prebuild: CWD: /Users/BICKLEY/temp/ch2.0/oct2016/pjs/entable
9 silly lifecycle entable@1.0.0~prebuild: Args: [ '-c', 'npm-run-all clean-dist build:html copy-images' ]
10 silly lifecycle entable@1.0.0~prebuild: Returned: code: 0  signal: null
11 info lifecycle entable@1.0.0~build: entable@1.0.0
12 verbose lifecycle entable@1.0.0~build: unsafe-perm in lifecycle true
13 verbose lifecycle entable@1.0.0~build: PATH: /Users/BICKLEY/.nvm/versions/node/v6.2.1/lib/node_modules/npm/bin/node-gyp-bin:/Users/BICKLEY/temp/ch2.0/oct2016/pjs/entable/node_modules/.bin:/Library/Frameworks/Python.framework/Versions/3.5/bin:/Users/BICKLEY/temp/ch2.0/aug_CH/aug_pjs/WINGMAN/exec/bin/bash/google-cloud-sdk/bin:/Users/BICKLEY/.nvm/versions/node/v6.2.1/bin:/Users/BICKLEY/Library/Android/android-sdk-macosx/platform-tools:/Users/BICKLEY/Library/Android/android-sdk-macosx/tools:/usr/local/bin:/usr/bin:/bin:/usr/sbin:/sbin:/opt/X11/bin
14 verbose lifecycle entable@1.0.0~build: CWD: /Users/BICKLEY/temp/ch2.0/oct2016/pjs/entable
15 silly lifecycle entable@1.0.0~build: Args: [ '-c', 'babel-node tools/build.js && npm run open:dist' ]
16 silly lifecycle entable@1.0.0~build: Returned: code: 1  signal: null
17 info lifecycle entable@1.0.0~build: Failed to exec build script
18 verbose stack Error: entable@1.0.0 build: `babel-node tools/build.js && npm run open:dist`
18 verbose stack Exit status 1
18 verbose stack     at EventEmitter.<anonymous> (/Users/BICKLEY/.nvm/versions/node/v6.2.1/lib/node_modules/npm/lib/utils/lifecycle.js:279:16)
18 verbose stack     at emitTwo (events.js:106:13)
18 verbose stack     at EventEmitter.emit (events.js:191:7)
18 verbose stack     at ChildProcess.<anonymous> (/Users/BICKLEY/.nvm/versions/node/v6.2.1/lib/node_modules/npm/lib/utils/spawn.js:40:14)
18 verbose stack     at emitTwo (events.js:106:13)
18 verbose stack     at ChildProcess.emit (events.js:191:7)
18 verbose stack     at maybeClose (internal/child_process.js:852:16)
18 verbose stack     at Process.ChildProcess._handle.onexit (internal/child_process.js:215:5)
19 verbose pkgid entable@1.0.0
20 verbose cwd /Users/BICKLEY/temp/ch2.0/oct2016/pjs/entable/src
21 error Darwin 16.3.0
22 error argv "/Users/BICKLEY/.nvm/versions/node/v6.2.1/bin/node" "/Users/BICKLEY/.nvm/versions/node/v6.2.1/bin/npm" "run" "build"
23 error node v6.2.1
24 error npm  v4.1.1
25 error code ELIFECYCLE
26 error entable@1.0.0 build: `babel-node tools/build.js && npm run open:dist`
26 error Exit status 1
27 error Failed at the entable@1.0.0 build script 'babel-node tools/build.js && npm run open:dist'.
27 error Make sure you have the latest version of node.js and npm installed.
27 error If you do, this is most likely a problem with the entable package,
27 error not with npm itself.
27 error Tell the author that this fails on your system:
27 error     babel-node tools/build.js && npm run open:dist
27 error You can get information on how to open an issue for this project with:
27 error     npm bugs entable
27 error Or if that isn't available, you can get their info via:
27 error     npm owner ls entable
27 error There is likely additional logging output above.
28 verbose exit [ 1, true ]
